0 info it worked if it ends with ok
<<<<<<< HEAD
1 verbose cli [ '/usr/local/bin/node', '/usr/local/bin/npm', 'start' ]
2 info using npm@2.11.2
3 info using node@v0.12.5
4 verbose node symlink /usr/local/bin/node
5 verbose run-script [ 'prestart', 'start', 'poststart' ]
6 info prestart comicApp@0.0.0
7 info start comicApp@0.0.0
8 verbose unsafe-perm in lifecycle true
9 info comicApp@0.0.0 Failed to exec start script
10 verbose stack Error: comicApp@0.0.0 start: `node ./bin/www`
10 verbose stack Exit status 1
10 verbose stack     at EventEmitter.<anonymous> (/usr/local/lib/node_modules/npm/lib/utils/lifecycle.js:213:16)
10 verbose stack     at EventEmitter.emit (events.js:110:17)
10 verbose stack     at ChildProcess.<anonymous> (/usr/local/lib/node_modules/npm/lib/utils/spawn.js:24:14)
10 verbose stack     at ChildProcess.emit (events.js:110:17)
10 verbose stack     at maybeClose (child_process.js:1015:16)
10 verbose stack     at Process.ChildProcess._handle.onexit (child_process.js:1087:5)
11 verbose pkgid comicApp@0.0.0
12 verbose cwd /Users/michaelmostachetti/Dropbox/apps/comicz/comicApp
13 error Darwin 13.4.0
14 error argv "/usr/local/bin/node" "/usr/local/bin/npm" "start"
15 error node v0.12.5
16 error npm  v2.11.2
17 error code ELIFECYCLE
18 error comicApp@0.0.0 start: `node ./bin/www`
18 error Exit status 1
19 error Failed at the comicApp@0.0.0 start script 'node ./bin/www'.
19 error This is most likely a problem with the comicApp package,
19 error not with npm itself.
19 error Tell the author that this fails on your system:
19 error     node ./bin/www
19 error You can get their info via:
19 error     npm owner ls comicApp
19 error There is likely additional logging output above.
20 verbose exit [ 1, true ]
=======
1 verbose cli [ 'node', '/usr/local/bin/npm', 'start' ]
2 info using npm@2.7.4
3 info using node@v0.12.2
4 verbose run-script [ 'prestart', 'start', 'poststart' ]
5 info prestart comicApp@0.0.0
6 info start comicApp@0.0.0
7 verbose unsafe-perm in lifecycle true
8 info comicApp@0.0.0 Failed to exec start script
9 verbose stack Error: comicApp@0.0.0 start: `node ./bin/www`
9 verbose stack Exit status 1
9 verbose stack     at EventEmitter.<anonymous> (/usr/local/lib/node_modules/npm/lib/utils/lifecycle.js:213:16)
9 verbose stack     at EventEmitter.emit (events.js:110:17)
9 verbose stack     at ChildProcess.<anonymous> (/usr/local/lib/node_modules/npm/lib/utils/spawn.js:14:12)
9 verbose stack     at ChildProcess.emit (events.js:110:17)
9 verbose stack     at maybeClose (child_process.js:1015:16)
9 verbose stack     at Process.ChildProcess._handle.onexit (child_process.js:1087:5)
10 verbose pkgid comicApp@0.0.0
11 verbose cwd /Users/juniorjoker/comicBattle
12 error Darwin 14.1.1
11 verbose cwd /Users/Michael/Desktop/comicBattle
12 error Darwin 14.3.0
13 error argv "node" "/usr/local/bin/npm" "start"
14 error node v0.12.2
15 error npm  v2.7.4
16 error code ELIFECYCLE
17 error comicApp@0.0.0 start: `node ./bin/www`
17 error Exit status 1
18 error Failed at the comicApp@0.0.0 start script 'node ./bin/www'.
18 error This is most likely a problem with the comicApp package,
18 error not with npm itself.
18 error Tell the author that this fails on your system:
18 error     node ./bin/www
18 error You can get their info via:
18 error     npm owner ls comicApp
18 error There is likely additional logging output above.
19 verbose exit [ 1, true ]
>>>>>>> b2dec6f0cf578e68881d7d439f0b2233e1fb0e36
